<?xml version="1.0" encoding="UTF-8"?>
<testsuite xmlns:xsi="http://www.w3.org/2001/XMLSchema-instance" xsi:noNamespaceSchemaLocation="https://maven.apache.org/surefire/maven-surefire-plugin/xsd/surefire-test-report-3.0.xsd" version="3.0" name="com.example.DemoApplicationTest" time="0.05" tests="10" errors="1" skipped="0" failures="2">
  <properties>
[...]
</properties>
  <testcase name="testCSRFtoken" classname="com.example.DemoApplicationTest" time="0.019"/>
  <testcase name="testAddFail" classname="com.example.DemoApplicationTest" time="0.0"/>
  <testcase name="testAdd" classname="com.example.DemoApplicationTest" time="0.001"/>
  <testcase name="testDiv" classname="com.example.DemoApplicationTest" time="0.001"/>
  <testcase name="testMul" classname="com.example.DemoApplicationTest" time="0.0"/>
  <testcase name="testSub" classname="com.example.DemoApplicationTest" time="0.0"/>
  <testcase name="testCSRFtokenFail" classname="com.example.DemoApplicationTest" time="0.005">
    <error message="Division by zero is not allowed for percentage calculation." type="java.lang.ArithmeticException"><![CDATA[java.lang.ArithmeticException: Division by zero is not allowed for percentage calculation.
	at com.example.DemoApplication.per(DemoApplication.java:29)
	at com.example.DemoApplicationTest.testCSRFtokenFail(DemoApplicationTest.java:90)
	at java.base/java.lang.reflect.Method.invoke(Method.java:580)
	at java.base/java.util.ArrayList.forEach(ArrayList.java:1597)
	at java.base/java.util.ArrayList.forEach(ArrayList.java:1597)
]]></error>
  </testcase>
  <testcase name="testMulFail" classname="com.example.DemoApplicationTest" time="0.002">
    <failure message="-1 * -2 * 3 should not equal 6 ==&gt; expected: not equal but was: &lt;6&gt;" type="org.opentest4j.AssertionFailedError"><![CDATA[org.opentest4j.AssertionFailedError: -1 * -2 * 3 should not equal 6 ==> expected: not equal but was: <6>
	at org.junit.jupiter.api.AssertionFailureBuilder.build(AssertionFailureBuilder.java:152)
	at org.junit.jupiter.api.AssertionFailureBuilder.buildAndThrow(AssertionFailureBuilder.java:132)
	at org.junit.jupiter.api.AssertNotEquals.failEqual(AssertNotEquals.java:277)
	at org.junit.jupiter.api.AssertNotEquals.assertNotEquals(AssertNotEquals.java:94)
	at org.junit.jupiter.api.Assertions.assertNotEquals(Assertions.java:2020)
	at com.example.DemoApplicationTest.testMulFail(DemoApplicationTest.java:78)
	at java.base/java.lang.reflect.Method.invoke(Method.java:580)
	at java.base/java.util.ArrayList.forEach(ArrayList.java:1597)
	at java.base/java.util.ArrayList.forEach(ArrayList.java:1597)
]]></failure>
  </testcase>
  <testcase name="testDivFail" classname="com.example.DemoApplicationTest" time="0.002">
    <failure message="9 / 3 / 1 should not equal 3 ==&gt; expected: not equal but was: &lt;3.0&gt;" type="org.opentest4j.AssertionFailedError"><![CDATA[org.opentest4j.AssertionFailedError: 9 / 3 / 1 should not equal 3 ==> expected: not equal but was: <3.0>
	at org.junit.jupiter.api.AssertionFailureBuilder.build(AssertionFailureBuilder.java:152)
	at org.junit.jupiter.api.AssertionFailureBuilder.buildAndThrow(AssertionFailureBuilder.java:132)
	at org.junit.jupiter.api.AssertNotEquals.failEqual(AssertNotEquals.java:277)
	at org.junit.jupiter.api.AssertNotEquals.assertNotEquals(AssertNotEquals.java:194)
	at org.junit.jupiter.api.Assertions.assertNotEquals(Assertions.java:2523)
	at com.example.DemoApplicationTest.testDivFail(DemoApplicationTest.java:84)
	at java.base/java.lang.reflect.Method.invoke(Method.java:580)
	at java.base/java.util.ArrayList.forEach(ArrayList.java:1597)
	at java.base/java.util.ArrayList.forEach(ArrayList.java:1597)
]]></failure>
  </testcase>
  <testcase name="testSubFail" classname="com.example.DemoApplicationTest" time="0.001"/>
</testsuite>